\BOOKMARK [0][-]{chapter*.5}{\376\377\000T\000a\000b\000e\000l\000l\000e\000n\000v\000e\000r\000z\000e\000i\000c\000h\000n\000i\000s}{}% 1
\BOOKMARK [0][-]{chapter*.6}{\376\377\000A\000b\000b\000i\000l\000d\000u\000n\000g\000s\000v\000e\000r\000z\000e\000i\000c\000h\000n\000i\000s}{}% 2
\BOOKMARK [0][-]{chapter.1}{\376\377\000E\000i\000n\000l\000e\000i\000t\000u\000n\000g}{}% 3
\BOOKMARK [1][-]{section.1.1}{\376\377\000P\000r\000o\000b\000l\000e\000m\000s\000t\000e\000l\000l\000u\000n\000g}{chapter.1}% 4
\BOOKMARK [1][-]{section.1.2}{\376\377\000Z\000i\000e\000l\000\040\000d\000e\000r\000\040\000A\000r\000b\000e\000i\000t}{chapter.1}% 5
\BOOKMARK [1][-]{section.1.3}{\376\377\000A\000b\000g\000r\000e\000n\000z\000u\000n\000g\000\040\000u\000n\000d\000\040\000V\000o\000r\000a\000u\000s\000s\000e\000t\000z\000u\000n\000g\000e\000n}{chapter.1}% 6
\BOOKMARK [1][-]{section.1.4}{\376\377\000A\000u\000f\000b\000a\000u}{chapter.1}% 7
\BOOKMARK [0][-]{chapter.2}{\376\377\000H\000a\000r\000d\000w\000a\000r\000e}{}% 8
\BOOKMARK [1][-]{section.2.1}{\376\377\000G\000e\000h\000\344\000u\000s\000e}{chapter.2}% 9
\BOOKMARK [1][-]{section.2.2}{\376\377\000R\000a\000s\000p\000b\000e\000r\000r\000y\000\040\000P\000i}{chapter.2}% 10
\BOOKMARK [1][-]{section.2.3}{\376\377\000E\000i\000n\000-\000\040\000u\000n\000d\000\040\000A\000u\000s\000s\000c\000h\000l\000a\000t\000v\000e\000r\000s\000\366\000g\000e\000r\000u\000n\000g}{chapter.2}% 11
\BOOKMARK [1][-]{section.2.4}{\376\377\000L\000a\000u\000t\000s\000p\000r\000e\000c\000h\000e\000r\000s\000c\000h\000u\000t\000z\000s\000c\000h\000a\000l\000t\000u\000n\000g}{chapter.2}% 12
\BOOKMARK [1][-]{section.2.5}{\376\377\000I\000n\000f\000r\000a\000r\000o\000t\000s\000e\000n\000d\000e\000r}{chapter.2}% 13
\BOOKMARK [1][-]{section.2.6}{\376\377\000D\000M\000X\000\040\000I\000n\000t\000e\000r\000f\000a\000c\000e}{chapter.2}% 14
\BOOKMARK [1][-]{section.2.7}{\376\377\000V\000e\000r\000k\000a\000b\000e\000l\000u\000n\000g}{chapter.2}% 15
\BOOKMARK [1][-]{section.2.8}{\376\377\000G\000e\000h\000\344\000u\000s\000e\000b\000e\000l\000\374\000f\000t\000u\000n\000g}{chapter.2}% 16
\BOOKMARK [1][-]{section.2.9}{\376\377\000S\000t\000r\000o\000m\000v\000e\000r\000s\000o\000r\000g\000u\000n\000g}{chapter.2}% 17
\BOOKMARK [1][-]{section.2.10}{\376\377\000A\000n\000s\000c\000h\000l\000\374\000s\000s\000e\000\040\000f\000\374\000r\000\040\000d\000e\000n\000\040\000A\000n\000w\000e\000n\000d\000e\000r}{chapter.2}% 18
\BOOKMARK [0][-]{chapter.3}{\376\377\000B\000e\000t\000r\000i\000e\000b\000s\000s\000y\000s\000t\000e\000m}{}% 19
\BOOKMARK [1][-]{section.3.1}{\376\377\000R\000a\000s\000p\000b\000i\000a\000n}{chapter.3}% 20
\BOOKMARK [1][-]{section.3.2}{\376\377\000S\000i\000c\000h\000e\000r\000h\000e\000i\000t}{chapter.3}% 21
\BOOKMARK [1][-]{section.3.3}{\376\377\000O\000l\000a}{chapter.3}% 22
\BOOKMARK [1][-]{section.3.4}{\376\377\000W\000i\000r\000i\000n\000g\000P\000i}{chapter.3}% 23
\BOOKMARK [0][-]{chapter.4}{\376\377\000B\000a\000c\000k\000e\000n\000d}{}% 24
\BOOKMARK [1][-]{section.4.1}{\376\377\000P\000H\000P\000\040\000E\000x\000t\000e\000n\000s\000i\000o\000n}{chapter.4}% 25
\BOOKMARK [1][-]{section.4.2}{\376\377\000W\000e\000b\000s\000o\000c\000k\000e\000t}{chapter.4}% 26
\BOOKMARK [1][-]{section.4.3}{\376\377\000L\000D\000A\000P}{chapter.4}% 27
\BOOKMARK [1][-]{section.4.4}{\376\377\000D\000M\000X}{chapter.4}% 28
\BOOKMARK [2][-]{subsection.4.4.1}{\376\377\000F\000u\000n\000k\000t\000i\000o\000n\000s\000w\000e\000i\000s\000e\000\040\000d\000e\000s\000\040\000P\000r\000o\000t\000o\000k\000o\000l\000l\000s}{section.4.4}% 29
\BOOKMARK [2][-]{subsection.4.4.2}{\376\377\000A\000n\000w\000e\000n\000d\000u\000n\000g\000\040\000i\000n\000\040\000d\000i\000e\000s\000e\000m\000\040\000P\000r\000o\000j\000e\000k\000t}{section.4.4}% 30
\BOOKMARK [1][-]{section.4.5}{\376\377\000I\000n\000f\000r\000a\000r\000o\000t}{chapter.4}% 31
\BOOKMARK [1][-]{section.4.6}{\376\377\000M\000i\000s\000c\000h\000p\000u\000l\000t}{chapter.4}% 32
\BOOKMARK [1][-]{section.4.7}{\376\377\000S\000Q\000L\000i\000t\000e}{chapter.4}% 33
